<?xml version="1.0" encoding="UTF-8"?>
<robot generator="Robot 3.0.4 (Python 3.7.1 on win32)" generated="20190417 16:06:35.064">
<suite id="s1" name="RT fulltest" source="C:\Users\peter.yf.cheng\PycharmProjects\Regression_test\Regression-basic_test\RT_fulltest.txt">
<test id="s1-t1" name="RT_testcase01">
<kw name="logintest" library="RT_loginflow">
<kw name="login" library="RT_login">
<kw name="Open Browser" library="Selenium2Library">
<doc>Opens a new browser instance to the given ``url``.</doc>
<arguments>
<arg>${URL}</arg>
<arg>${BROWSER}</arg>
</arguments>
<msg timestamp="20190417 16:06:35.572" level="INFO">Opening browser 'chrome' to base url 'http://pa-billing2.gogoro.com'.</msg>
<status status="PASS" starttime="20190417 16:06:35.572" endtime="20190417 16:06:40.097"></status>
</kw>
<kw name="Wait Until Element Is Visible" library="Selenium2Library">
<doc>Waits until element ``locator`` is visible.</doc>
<arguments>
<arg>//*[@id='app']/div/div/div/div/div/form/div[1]/input</arg>
<arg>timeout=1500</arg>
</arguments>
<status status="PASS" starttime="20190417 16:06:40.098" endtime="20190417 16:06:40.143"></status>
</kw>
<kw name="Maximize Browser Window" library="Selenium2Library">
<doc>Maximizes current browser window.</doc>
<status status="PASS" starttime="20190417 16:06:40.143" endtime="20190417 16:06:41.264"></status>
</kw>
<kw name="Wait Until Element Is Visible" library="Selenium2Library">
<doc>Waits until element ``locator`` is visible.</doc>
<arguments>
<arg>xpath=//*[@id='app']/div/div/div/div/div/form/div[1]/input</arg>
<arg>timeout=1500</arg>
</arguments>
<status status="PASS" starttime="20190417 16:06:41.264" endtime="20190417 16:06:41.281"></status>
</kw>
<kw name="Click Element" library="Selenium2Library">
<doc>Click element identified by ``locator``.</doc>
<arguments>
<arg>xpath=//*[@id='app']/div/div/div/div/div/form/div[1]/input</arg>
</arguments>
<msg timestamp="20190417 16:06:41.281" level="INFO">Clicking element 'xpath=//*[@id='app']/div/div/div/div/div/form/div[1]/input'.</msg>
<status status="PASS" starttime="20190417 16:06:41.281" endtime="20190417 16:06:41.345"></status>
</kw>
<kw name="Sleep" library="BuiltIn">
<doc>Pauses the test executed for the given time.</doc>
<arguments>
<arg>2s</arg>
</arguments>
<msg timestamp="20190417 16:06:43.346" level="INFO">Slept 2 seconds</msg>
<status status="PASS" starttime="20190417 16:06:41.345" endtime="20190417 16:06:43.346"></status>
</kw>
<status status="PASS" starttime="20190417 16:06:35.572" endtime="20190417 16:06:43.346"></status>
</kw>
<kw name="input ac" library="RT_login">
<kw name="Input Text" library="Selenium2Library">
<doc>Types the given ``text`` into text field identified by ``locator``.</doc>
<arguments>
<arg>xpath=//*[@id='app']/div/div/div/div/div/form/div[1]/input</arg>
<arg>${USERNAME}</arg>
</arguments>
<msg timestamp="20190417 16:06:43.346" level="INFO">Typing text 'pa.billing_admin@gogoro.com' into text field 'xpath=//*[@id='app']/div/div/div/div/div/form/div[1]/input'.</msg>
<status status="PASS" starttime="20190417 16:06:43.346" endtime="20190417 16:06:43.476"></status>
</kw>
<status status="PASS" starttime="20190417 16:06:43.346" endtime="20190417 16:06:43.477"></status>
</kw>
<kw name="input pw" library="RT_login">
<kw name="Input Text" library="Selenium2Library">
<doc>Types the given ``text`` into text field identified by ``locator``.</doc>
<arguments>
<arg>xpath=//*[@id='app']/div/div/div/div/div/form/div[2]/input</arg>
<arg>${PASSWORD}</arg>
</arguments>
<msg timestamp="20190417 16:06:43.477" level="INFO">Typing text '123' into text field 'xpath=//*[@id='app']/div/div/div/div/div/form/div[2]/input'.</msg>
<status status="PASS" starttime="20190417 16:06:43.477" endtime="20190417 16:06:43.557"></status>
</kw>
<status status="PASS" starttime="20190417 16:06:43.477" endtime="20190417 16:06:43.557"></status>
</kw>
<kw name="click btn" library="RT_login">
<kw name="Get Title" library="Selenium2Library">
<doc>Returns the title of current page.</doc>
<assign>
<var>${title_1}</var>
</assign>
<msg timestamp="20190417 16:06:43.562" level="INFO">${title_1} = Gogoro Web Application</msg>
<status status="PASS" starttime="20190417 16:06:43.558" endtime="20190417 16:06:43.562"></status>
</kw>
<kw name="Sleep" library="BuiltIn">
<doc>Pauses the test executed for the given time.</doc>
<arguments>
<arg>2s</arg>
</arguments>
<msg timestamp="20190417 16:06:45.563" level="INFO">Slept 2 seconds</msg>
<status status="PASS" starttime="20190417 16:06:43.562" endtime="20190417 16:06:45.563"></status>
</kw>
<kw name="Click Button" library="Selenium2Library">
<doc>Clicks button identified by ``locator``.</doc>
<arguments>
<arg>xpath=//*[@id='app']/div/div/div/div/div/form/div[3]/button</arg>
</arguments>
<msg timestamp="20190417 16:06:45.564" level="INFO">Clicking button 'xpath=//*[@id='app']/div/div/div/div/div/form/div[3]/button'.</msg>
<status status="PASS" starttime="20190417 16:06:45.563" endtime="20190417 16:06:45.627"></status>
</kw>
<kw name="Sleep" library="BuiltIn">
<doc>Pauses the test executed for the given time.</doc>
<arguments>
<arg>2s</arg>
</arguments>
<msg timestamp="20190417 16:06:47.628" level="INFO">Slept 2 seconds</msg>
<status status="PASS" starttime="20190417 16:06:45.628" endtime="20190417 16:06:47.628"></status>
</kw>
<kw name="Get Title" library="Selenium2Library">
<doc>Returns the title of current page.</doc>
<assign>
<var>${title_2}</var>
</assign>
<msg timestamp="20190417 16:06:47.694" level="INFO">${title_2} = Gogoro Web Application</msg>
<status status="PASS" starttime="20190417 16:06:47.629" endtime="20190417 16:06:47.694"></status>
</kw>
<kw name="Should Contain" library="BuiltIn">
<doc>Fails if ``container`` does not contain ``item`` one or more times.</doc>
<arguments>
<arg>${title_2}</arg>
<arg>${title_1}</arg>
</arguments>
<status status="PASS" starttime="20190417 16:06:47.694" endtime="20190417 16:06:47.694"></status>
</kw>
<kw name="Wait Until Element Is Visible" library="Selenium2Library">
<doc>Waits until element ``locator`` is visible.</doc>
<arguments>
<arg>xpath=//*[@id="app"]/div/aside/h1</arg>
</arguments>
<status status="PASS" starttime="20190417 16:06:47.695" endtime="20190417 16:06:47.808"></status>
</kw>
<status status="PASS" starttime="20190417 16:06:43.557" endtime="20190417 16:06:47.808"></status>
</kw>
<kw name="Click language combobox" library="RT_login">
<tags>
<tag>select language (default is traditional chinese)</tag>
</tags>
<kw name="Get Text" library="Selenium2Library">
<doc>Returns the text value of element identified by ``locator``.</doc>
<arguments>
<arg>xpath=//*[@id="app"]/div/div/header/div/ul[2]/li[1]/a</arg>
</arguments>
<assign>
<var>${current language}</var>
</assign>
<msg timestamp="20190417 16:06:47.934" level="INFO">${current language} = 繁體中文</msg>
<status status="PASS" starttime="20190417 16:06:47.808" endtime="20190417 16:06:47.934"></status>
</kw>
<kw name="Should Be Equal As Strings" library="BuiltIn">
<doc>Fails if objects are unequal after converting them to strings.</doc>
<arguments>
<arg>${current language}</arg>
<arg>${language1}</arg>
</arguments>
<status status="PASS" starttime="20190417 16:06:47.935" endtime="20190417 16:06:47.935"></status>
</kw>
<status status="PASS" starttime="20190417 16:06:47.808" endtime="20190417 16:06:47.936"></status>
</kw>
<status status="PASS" starttime="20190417 16:06:35.571" endtime="20190417 16:06:47.936"></status>
</kw>
<kw name="Sleep" library="BuiltIn">
<doc>Pauses the test executed for the given time.</doc>
<arguments>
<arg>2s</arg>
</arguments>
<msg timestamp="20190417 16:06:49.938" level="INFO">Slept 2 seconds</msg>
<status status="PASS" starttime="20190417 16:06:47.937" endtime="20190417 16:06:49.938"></status>
</kw>
<tags>
<tag>Login function test</tag>
</tags>
<status status="PASS" starttime="20190417 16:06:35.571" endtime="20190417 16:06:49.938" critical="yes"></status>
</test>
<test id="s1-t2" name="RT_testcase02-1">
<kw name="add plan" library="RT_testflowaddplan">
<kw name="click addesplan" library="RT_catalog_add_plan">
<kw name="Wait Until Element Is Visible" library="Selenium2Library">
<doc>Waits until element ``locator`` is visible.</doc>
<arguments>
<arg>xpath=//*[@id="app"]/div/aside/nav/ul/li[1]/ul/li[1]/a</arg>
</arguments>
<status status="PASS" starttime="20190417 16:06:49.940" endtime="20190417 16:06:50.041"></status>
</kw>
<kw name="Click Element" library="Selenium2Library">
<doc>Click element identified by ``locator``.</doc>
<arguments>
<arg>xpath=//*[@id="app"]/div/aside/nav/ul/li[1]/ul/li[1]/a</arg>
</arguments>
<msg timestamp="20190417 16:06:50.042" level="INFO">Clicking element 'xpath=//*[@id="app"]/div/aside/nav/ul/li[1]/ul/li[1]/a'.</msg>
<status status="PASS" starttime="20190417 16:06:50.041" endtime="20190417 16:06:50.273"></status>
</kw>
<kw name="Wait Until Element Is Visible" library="Selenium2Library">
<doc>Waits until element ``locator`` is visible.</doc>
<arguments>
<arg>xpath=//*[@id="app"]/div/div/div/div/h2</arg>
</arguments>
<status status="PASS" starttime="20190417 16:06:50.274" endtime="20190417 16:06:50.374"></status>
</kw>
<kw name="Sleep" library="BuiltIn">
<doc>Pauses the test executed for the given time.</doc>
<arguments>
<arg>2s</arg>
</arguments>
<msg timestamp="20190417 16:06:52.376" level="INFO">Slept 2 seconds</msg>
<status status="PASS" starttime="20190417 16:06:50.375" endtime="20190417 16:06:52.376"></status>
</kw>
<status status="PASS" starttime="20190417 16:06:49.940" endtime="20190417 16:06:52.376"></status>
</kw>
<kw name="switch plan product type" library="RT_catalog_add_plan">
<kw name="Click Element" library="Selenium2Library">
<doc>Click element identified by ``locator``.</doc>
<arguments>
<arg>xpath=//*[@id="app"]/div/div/div/div/form[1]/div[1]/div/div/div[2]/label</arg>
</arguments>
<msg timestamp="20190417 16:06:52.377" level="INFO">Clicking element 'xpath=//*[@id="app"]/div/div/div/div/form[1]/div[1]/div/div/div[2]/label'.</msg>
<status status="PASS" starttime="20190417 16:06:52.377" endtime="20190417 16:06:52.587"></status>
</kw>
<kw name="Sleep" library="BuiltIn">
<doc>Pauses the test executed for the given time.</doc>
<arguments>
<arg>2s</arg>
</arguments>
<msg timestamp="20190417 16:06:54.588" level="INFO">Slept 2 seconds</msg>
<status status="PASS" starttime="20190417 16:06:52.587" endtime="20190417 16:06:54.588"></status>
</kw>
<kw name="Click Element" library="Selenium2Library">
<doc>Click element identified by ``locator``.</doc>
<arguments>
<arg>xpath=//*[@id="app"]/div/div/div/div/form[1]/div[1]/div/div/div[1]/label</arg>
</arguments>
<msg timestamp="20190417 16:06:54.589" level="INFO">Clicking element 'xpath=//*[@id="app"]/div/div/div/div/form[1]/div[1]/div/div/div[1]/label'.</msg>
<status status="PASS" starttime="20190417 16:06:54.589" endtime="20190417 16:06:54.826"></status>
</kw>
<kw name="Sleep" library="BuiltIn">
<doc>Pauses the test executed for the given time.</doc>
<arguments>
<arg>2s</arg>
</arguments>
<msg timestamp="20190417 16:06:56.826" level="INFO">Slept 2 seconds</msg>
<status status="PASS" starttime="20190417 16:06:54.826" endtime="20190417 16:06:56.826"></status>
</kw>
<status status="PASS" starttime="20190417 16:06:52.376" endtime="20190417 16:06:56.826"></status>
</kw>
<kw name="Input plan name" library="RT_catalog_add_plan">
<kw name="Click Element" library="Selenium2Library">
<doc>Click element identified by ``locator``.</doc>
<arguments>
<arg>xpath=//*[@id="app"]/div/div/div/div/form[1]/div[3]/div/div/input</arg>
</arguments>
<msg timestamp="20190417 16:06:56.827" level="INFO">Clicking element 'xpath=//*[@id="app"]/div/div/div/div/form[1]/div[3]/div/div/input'.</msg>
<status status="PASS" starttime="20190417 16:06:56.827" endtime="20190417 16:06:57.091"></status>
</kw>
<kw name="Evaluate" library="BuiltIn">
<doc>Evaluates the given expression in Python and returns the results.</doc>
<arguments>
<arg>random.randint(1000, 9999)</arg>
<arg>random</arg>
</arguments>
<assign>
<var>${numbers}</var>
</assign>
<msg timestamp="20190417 16:06:57.092" level="INFO">${numbers} = 8850</msg>
<status status="PASS" starttime="20190417 16:06:57.091" endtime="20190417 16:06:57.092"></status>
</kw>
<kw name="Input Text" library="Selenium2Library">
<doc>Types the given ``text`` into text field identified by ``locator``.</doc>
<arguments>
<arg>xpath=//*[@id="app"]/div/div/div/div/form[1]/div[3]/div/div/input</arg>
<arg>${plan11993y}${numbers}</arg>
</arguments>
<msg timestamp="20190417 16:06:57.092" level="INFO">Typing text '1199 3年8850' into text field 'xpath=//*[@id="app"]/div/div/div/div/form[1]/div[3]/div/div/input'.</msg>
<status status="PASS" starttime="20190417 16:06:57.092" endtime="20190417 16:06:57.537"></status>
</kw>
<kw name="Sleep" library="BuiltIn">
<doc>Pauses the test executed for the given time.</doc>
<arguments>
<arg>1s</arg>
</arguments>
<msg timestamp="20190417 16:06:58.538" level="INFO">Slept 1 second</msg>
<status status="PASS" starttime="20190417 16:06:57.537" endtime="20190417 16:06:58.538"></status>
</kw>
<kw name="Click Element" library="Selenium2Library">
<doc>Click element identified by ``locator``.</doc>
<arguments>
<arg>//*[@id="app"]/div/div/div/div/form[1]/div[3]/div/div/label</arg>
</arguments>
<msg timestamp="20190417 16:06:58.538" level="INFO">Clicking element '//*[@id="app"]/div/div/div/div/form[1]/div[3]/div/div/label'.</msg>
<status status="PASS" starttime="20190417 16:06:58.538" endtime="20190417 16:06:58.769"></status>
</kw>
<status status="PASS" starttime="20190417 16:06:56.827" endtime="20190417 16:06:58.769"></status>
</kw>
<kw name="select plan startdate" library="RT_catalog_add_plan">
<kw name="Click Element" library="Selenium2Library">
<doc>Click element identified by ``locator``.</doc>
<arguments>
<arg>xpath=//*[@id="app"]/div/div/div/div/form[1]/div[4]/div[1]/div/div/div[2]/div/div/input</arg>
</arguments>
<msg timestamp="20190417 16:06:58.770" level="INFO">Clicking element 'xpath=//*[@id="app"]/div/div/div/div/form[1]/div[4]/div[1]/div/div/div[2]/div/div/input'.</msg>
<status status="PASS" starttime="20190417 16:06:58.770" endtime="20190417 16:06:59.147"></status>
</kw>
<kw name="Click Element" library="Selenium2Library">
<doc>Click element identified by ``locator``.</doc>
<arguments>
<arg>xpath=//*[@id="app"]/div/div/div/div/form[1]/div[4]/div[1]/div/div/div[2]/div[2]/div/div[2]/div[2]/div[1]/div[2]</arg>
</arguments>
<msg timestamp="20190417 16:06:59.148" level="INFO">Clicking element 'xpath=//*[@id="app"]/div/div/div/div/form[1]/div[4]/div[1]/div/div/div[2]/div[2]/div/div[2]/div[2]/div[1]/div[2]'.</msg>
<status status="PASS" starttime="20190417 16:06:59.147" endtime="20190417 16:06:59.377"></status>
</kw>
<status status="PASS" starttime="20190417 16:06:58.770" endtime="20190417 16:06:59.377"></status>
</kw>
<kw name="slelect plan enddate" library="RT_catalog_add_plan">
<kw name="Click Element" library="Selenium2Library">
<doc>Click element identified by ``locator``.</doc>
<arguments>
<arg>xpath=//*[@id="app"]/div/div/div/div/form[1]/div[4]/div[2]/div/div/div[2]/div/div/input</arg>
</arguments>
<msg timestamp="20190417 16:06:59.378" level="INFO">Clicking element 'xpath=//*[@id="app"]/div/div/div/div/form[1]/div[4]/div[2]/div/div/div[2]/div/div/input'.</msg>
<status status="PASS" starttime="20190417 16:06:59.377" endtime="20190417 16:06:59.651"></status>
</kw>
<kw name="Click Element" library="Selenium2Library">
<doc>Click element identified by ``locator``.</doc>
<arguments>
<arg>xpath=//*[@id="app"]/div/div/div/div/form[1]/div[4]/div[2]/div/div/div[2]/div[2]/div/div[2]/div[2]/div[5]/div[6]</arg>
</arguments>
<msg timestamp="20190417 16:06:59.651" level="INFO">Clicking element 'xpath=//*[@id="app"]/div/div/div/div/form[1]/div[4]/div[2]/div/div/div[2]/div[2]/div/div[2]/div[2]/div[5]/div[6]'.</msg>
<status status="PASS" starttime="20190417 16:06:59.651" endtime="20190417 16:06:59.940"></status>
</kw>
<status status="PASS" starttime="20190417 16:06:59.377" endtime="20190417 16:06:59.940"></status>
</kw>
<kw name="switch charge type" library="RT_catalog_add_plan">
<kw name="Click Element" library="Selenium2Library">
<doc>Click element identified by ``locator``.</doc>
<arguments>
<arg>xpath=//*[@id="app"]/div/div/div/div/form[2]/div[1]/div/div/div[2]/label</arg>
</arguments>
<msg timestamp="20190417 16:06:59.942" level="INFO">Clicking element 'xpath=//*[@id="app"]/div/div/div/div/form[2]/div[1]/div/div/div[2]/label'.</msg>
<status status="PASS" starttime="20190417 16:06:59.942" endtime="20190417 16:07:00.190"></status>
</kw>
<kw name="Wait Until Element Is Visible" library="Selenium2Library">
<doc>Waits until element ``locator`` is visible.</doc>
<arguments>
<arg>//*[@id="app"]/div/div/div/div/form[2]/div[2]</arg>
<arg>timeout=150</arg>
</arguments>
<status status="PASS" starttime="20190417 16:07:00.190" endtime="20190417 16:07:00.289"></status>
</kw>
<kw name="Sleep" library="BuiltIn">
<doc>Pauses the test executed for the given time.</doc>
<arguments>
<arg>2s</arg>
</arguments>
<msg timestamp="20190417 16:07:02.289" level="INFO">Slept 2 seconds</msg>
<status status="PASS" starttime="20190417 16:07:00.289" endtime="20190417 16:07:02.289"></status>
</kw>
<kw name="Click Element" library="Selenium2Library">
<doc>Click element identified by ``locator``.</doc>
<arguments>
<arg>//*[@id="app"]/div/div/div/div/form[2]/div[1]/div/div/div[1]/label</arg>
</arguments>
<msg timestamp="20190417 16:07:02.290" level="INFO">Clicking element '//*[@id="app"]/div/div/div/div/form[2]/div[1]/div/div/div[1]/label'.</msg>
<status status="PASS" starttime="20190417 16:07:02.290" endtime="20190417 16:07:02.501"></status>
</kw>
<kw name="Wait Until Element Is Not Visible" library="Selenium2Library">
<doc>Waits until element ``locator`` is not visible.</doc>
<arguments>
<arg>//*[@id="app"]/div/div/div/div/form[2]/div[2]</arg>
<arg>timeout=150</arg>
</arguments>
<status status="PASS" starttime="20190417 16:07:02.502" endtime="20190417 16:07:02.602"></status>
</kw>
<status status="PASS" starttime="20190417 16:06:59.941" endtime="20190417 16:07:02.603"></status>
</kw>
<kw name="plan base price" library="RT_catalog_add_plan">
<kw name="Input Text" library="Selenium2Library">
<doc>Types the given ``text`` into text field identified by ``locator``.</doc>
<arguments>
<arg>xpath=//*[@id="app"]/div/div/div/div/form[2]/div[3]/div/div/div/div[2]/input</arg>
<arg>${Price1199}</arg>
</arguments>
<msg timestamp="20190417 16:07:02.603" level="INFO">Typing text '1199' into text field 'xpath=//*[@id="app"]/div/div/div/div/form[2]/div[3]/div/div/div/div[2]/input'.</msg>
<status status="PASS" starttime="20190417 16:07:02.603" endtime="20190417 16:07:02.936"></status>
</kw>
<kw name="Input Text" library="Selenium2Library">
<doc>Types the given ``text`` into text field identified by ``locator``.</doc>
<arguments>
<arg>xpath=//*[@id="app"]/div/div/div/div/form[2]/div[4]/div/div/div/div[2]/input</arg>
<arg>${Service_fee}</arg>
</arguments>
<msg timestamp="20190417 16:07:02.936" level="INFO">Typing text '100' into text field 'xpath=//*[@id="app"]/div/div/div/div/form[2]/div[4]/div/div/div/div[2]/input'.</msg>
<status status="PASS" starttime="20190417 16:07:02.936" endtime="20190417 16:07:03.215"></status>
</kw>
<kw name="Sleep" library="BuiltIn">
<doc>Pauses the test executed for the given time.</doc>
<arguments>
<arg>2s</arg>
</arguments>
<msg timestamp="20190417 16:07:05.217" level="INFO">Slept 2 seconds</msg>
<status status="PASS" starttime="20190417 16:07:03.215" endtime="20190417 16:07:05.217"></status>
</kw>
<status status="PASS" starttime="20190417 16:07:02.603" endtime="20190417 16:07:05.217"></status>
</kw>
<kw name="Package select-addon" library="RT_catalog_add_plan">
<kw name="Click Element" library="Selenium2Library">
<doc>Click element identified by ``locator``.</doc>
<arguments>
<arg>xpath=//*[@id="app"]/div/div/div/div/form[3]/div[1]/div/div/div/div/div[1]</arg>
</arguments>
<msg timestamp="20190417 16:07:05.218" level="INFO">Clicking element 'xpath=//*[@id="app"]/div/div/div/div/form[3]/div[1]/div/div/div/div/div[1]'.</msg>
<status status="PASS" starttime="20190417 16:07:05.217" endtime="20190417 16:07:05.459"></status>
</kw>
<kw name="Wait Until Element Is Visible" library="Selenium2Library">
<doc>Waits until element ``locator`` is visible.</doc>
<arguments>
<arg>xpath=//*[@id="react-select-2-option-0"]</arg>
</arguments>
<status status="PASS" starttime="20190417 16:07:05.459" endtime="20190417 16:07:05.751"></status>
</kw>
<kw name="Click Element" library="Selenium2Library">
<doc>Click element identified by ``locator``.</doc>
<arguments>
<arg>xpath=//*[@id="react-select-2-option-0"]</arg>
</arguments>
<msg timestamp="20190417 16:07:05.752" level="INFO">Clicking element 'xpath=//*[@id="react-select-2-option-0"]'.</msg>
<status status="PASS" starttime="20190417 16:07:05.752" endtime="20190417 16:07:05.999"></status>
</kw>
<kw name="Sleep" library="BuiltIn">
<doc>Pauses the test executed for the given time.</doc>
<arguments>
<arg>1s</arg>
</arguments>
<msg timestamp="20190417 16:07:07.000" level="INFO">Slept 1 second</msg>
<status status="PASS" starttime="20190417 16:07:05.999" endtime="20190417 16:07:07.000"></status>
</kw>
<kw name="Click Element" library="Selenium2Library">
<doc>Click element identified by ``locator``.</doc>
<arguments>
<arg>xpath=//*[@id="app"]/div/div/div/div/form[3]/div[2]/div/div/div/div/div[1]</arg>
</arguments>
<msg timestamp="20190417 16:07:07.001" level="INFO">Clicking element 'xpath=//*[@id="app"]/div/div/div/div/form[3]/div[2]/div/div/div/div/div[1]'.</msg>
<status status="PASS" starttime="20190417 16:07:07.000" endtime="20190417 16:07:07.214"></status>
</kw>
<kw name="Wait Until Element Is Visible" library="Selenium2Library">
<doc>Waits until element ``locator`` is visible.</doc>
<arguments>
<arg>xpath=//*[@id="react-select-3-option-0"]</arg>
</arguments>
<status status="PASS" starttime="20190417 16:07:07.214" endtime="20190417 16:07:07.569"></status>
</kw>
<kw name="Click Element" library="Selenium2Library">
<doc>Click element identified by ``locator``.</doc>
<arguments>
<arg>xpath=//*[@id="react-select-3-option-0"]</arg>
</arguments>
<msg timestamp="20190417 16:07:07.569" level="INFO">Clicking element 'xpath=//*[@id="react-select-3-option-0"]'.</msg>
<status status="PASS" starttime="20190417 16:07:07.569" endtime="20190417 16:07:07.800"></status>
</kw>
<status status="PASS" starttime="20190417 16:07:05.217" endtime="20190417 16:07:07.800"></status>
</kw>
<kw name="term and penalty" library="RT_catalog_add_plan">
<kw name="Click Element" library="Selenium2Library">
<doc>Click element identified by ``locator``.</doc>
<arguments>
<arg>xpath=//*[@id="app"]/div/div/div/div/form[4]/div[1]/div[1]</arg>
</arguments>
<msg timestamp="20190417 16:07:07.801" level="INFO">Clicking element 'xpath=//*[@id="app"]/div/div/div/div/form[4]/div[1]/div[1]'.</msg>
<status status="PASS" starttime="20190417 16:07:07.801" endtime="20190417 16:07:08.033"></status>
</kw>
<kw name="Sleep" library="BuiltIn">
<doc>Pauses the test executed for the given time.</doc>
<arguments>
<arg>2s</arg>
</arguments>
<msg timestamp="20190417 16:07:10.034" level="INFO">Slept 2 seconds</msg>
<status status="PASS" starttime="20190417 16:07:08.033" endtime="20190417 16:07:10.034"></status>
</kw>
<kw name="Input Text" library="Selenium2Library">
<doc>Types the given ``text`` into text field identified by ``locator``.</doc>
<arguments>
<arg>xpath=//*[@id="monthsToTerminate"]</arg>
<arg>${trem 3y}</arg>
</arguments>
<msg timestamp="20190417 16:07:10.035" level="INFO">Typing text '36' into text field 'xpath=//*[@id="monthsToTerminate"]'.</msg>
<status status="PASS" starttime="20190417 16:07:10.034" endtime="20190417 16:07:10.293"></status>
</kw>
<kw name="Sleep" library="BuiltIn">
<doc>Pauses the test executed for the given time.</doc>
<arguments>
<arg>2s</arg>
</arguments>
<msg timestamp="20190417 16:07:12.294" level="INFO">Slept 2 seconds</msg>
<status status="PASS" starttime="20190417 16:07:10.293" endtime="20190417 16:07:12.294"></status>
</kw>
<kw name="Click Element" library="Selenium2Library">
<doc>Click element identified by ``locator``.</doc>
<arguments>
<arg>xpath=//*[@id="app"]/div/div/div/div/form[4]/div[2]/div[1]/div[2]/label</arg>
</arguments>
<msg timestamp="20190417 16:07:12.294" level="INFO">Clicking element 'xpath=//*[@id="app"]/div/div/div/div/form[4]/div[2]/div[1]/div[2]/label'.</msg>
<status status="PASS" starttime="20190417 16:07:12.294" endtime="20190417 16:07:12.512"></status>
</kw>
<kw name="Sleep" library="BuiltIn">
<doc>Pauses the test executed for the given time.</doc>
<arguments>
<arg>2s</arg>
</arguments>
<msg timestamp="20190417 16:07:14.513" level="INFO">Slept 2 seconds</msg>
<status status="PASS" starttime="20190417 16:07:12.513" endtime="20190417 16:07:14.513"></status>
</kw>
<kw name="Input Text" library="Selenium2Library">
<doc>Types the given ``text`` into text field identified by ``locator``.</doc>
<arguments>
<arg>xpath=//*[@id="penaltyFee"]</arg>
<arg>${penalty1}</arg>
</arguments>
<msg timestamp="20190417 16:07:14.514" level="INFO">Typing text '500' into text field 'xpath=//*[@id="penaltyFee"]'.</msg>
<status status="PASS" starttime="20190417 16:07:14.513" endtime="20190417 16:07:14.812"></status>
</kw>
<status status="PASS" starttime="20190417 16:07:07.800" endtime="20190417 16:07:14.812"></status>
</kw>
<kw name="save plan" library="RT_catalog_add_plan">
<kw name="Click Element" library="Selenium2Library">
<doc>Click element identified by ``locator``.</doc>
<arguments>
<arg>xpath=//*[@id="app"]/div/div/div/div/div/button[1]</arg>
</arguments>
<msg timestamp="20190417 16:07:14.813" level="INFO">Clicking element 'xpath=//*[@id="app"]/div/div/div/div/div/button[1]'.</msg>
<status status="PASS" starttime="20190417 16:07:14.813" endtime="20190417 16:07:15.043"></status>
</kw>
<kw name="Sleep" library="BuiltIn">
<doc>Pauses the test executed for the given time.</doc>
<arguments>
<arg>5s</arg>
</arguments>
<msg timestamp="20190417 16:07:20.045" level="INFO">Slept 5 seconds</msg>
<status status="PASS" starttime="20190417 16:07:15.044" endtime="20190417 16:07:20.045"></status>
</kw>
<status status="PASS" starttime="20190417 16:07:14.813" endtime="20190417 16:07:20.045"></status>
</kw>
<kw name="plan status" library="RT_catalog_add_plan">
<kw name="Get Text" library="Selenium2Library">
<doc>Returns the text value of element identified by ``locator``.</doc>
<arguments>
<arg>xpath=//*[@id="app"]/div/div/header/div/ul[2]/li[1]/a</arg>
</arguments>
<assign>
<var>${current language}</var>
</assign>
<msg timestamp="20190417 16:07:20.144" level="INFO">${current language} = 繁體中文</msg>
<status status="PASS" starttime="20190417 16:07:20.046" endtime="20190417 16:07:20.144"></status>
</kw>
<kw name="Get Text" library="Selenium2Library">
<doc>Returns the text value of element identified by ``locator``.</doc>
<arguments>
<arg>xpath=/html/body/div/div/div[1]/div/div/div[2]</arg>
</arguments>
<assign>
<var>${plan message}</var>
</assign>
<msg timestamp="20190417 16:07:20.246" level="INFO">${plan message} = 電池服務資費方案 存取結果: success</msg>
<status status="PASS" starttime="20190417 16:07:20.144" endtime="20190417 16:07:20.246"></status>
</kw>
<kw name="Run Keyword If" library="BuiltIn">
<doc>Runs the given keyword with the given arguments, if ``condition`` is true.</doc>
<arguments>
<arg>'${current language}' == '${language1}'</arg>
<arg>should be equal as strings</arg>
<arg>${plan string1}</arg>
<arg>${plan message}</arg>
<arg>ELSE</arg>
<arg>should be equal as strings</arg>
<arg>${plan string2}</arg>
<arg>${plan message}</arg>
</arguments>
<kw name="Should Be Equal As Strings" library="BuiltIn">
<doc>Fails if objects are unequal after converting them to strings.</doc>
<arguments>
<arg>${plan string1}</arg>
<arg>${plan message}</arg>
</arguments>
<status status="PASS" starttime="20190417 16:07:20.247" endtime="20190417 16:07:20.247"></status>
</kw>
<status status="PASS" starttime="20190417 16:07:20.246" endtime="20190417 16:07:20.247"></status>
</kw>
<status status="PASS" starttime="20190417 16:07:20.045" endtime="20190417 16:07:20.247"></status>
</kw>
<kw name="close plan message" library="RT_catalog_add_plan">
<kw name="Click Element" library="Selenium2Library">
<doc>Click element identified by ``locator``.</doc>
<arguments>
<arg>xpath=/html/body/div/div/div[1]/div/div/div[3]/button</arg>
</arguments>
<msg timestamp="20190417 16:07:20.248" level="INFO">Clicking element 'xpath=/html/body/div/div/div[1]/div/div/div[3]/button'.</msg>
<status status="PASS" starttime="20190417 16:07:20.248" endtime="20190417 16:07:20.477"></status>
</kw>
<status status="PASS" starttime="20190417 16:07:20.247" endtime="20190417 16:07:20.477"></status>
</kw>
<kw name="Sleep" library="BuiltIn">
<doc>Pauses the test executed for the given time.</doc>
<arguments>
<arg>3s</arg>
</arguments>
<msg timestamp="20190417 16:07:23.478" level="INFO">Slept 3 seconds</msg>
<status status="PASS" starttime="20190417 16:07:20.477" endtime="20190417 16:07:23.478"></status>
</kw>
<kw name="Check add plan success1" library="RT_catalog_add_plan">
<kw name="Get Value" library="Selenium2Library">
<doc>Returns the value attribute of element identified by ``locator``.</doc>
<arguments>
<arg>xpath=//html/body/main/div/div/div/div/form[1]/div[3]/div/div/input</arg>
</arguments>
<assign>
<var>${planname}</var>
</assign>
<msg timestamp="20190417 16:07:23.574" level="INFO">${planname} = 1199 3年8850</msg>
<status status="PASS" starttime="20190417 16:07:23.478" endtime="20190417 16:07:23.574"></status>
</kw>
<kw name="Click Element" library="Selenium2Library">
<doc>Click element identified by ``locator``.</doc>
<arguments>
<arg>xpath=//*[@id="app"]/div/aside/nav/ul/li[1]/ul/li[4]/a</arg>
</arguments>
<msg timestamp="20190417 16:07:23.575" level="INFO">Clicking element 'xpath=//*[@id="app"]/div/aside/nav/ul/li[1]/ul/li[4]/a'.</msg>
<status status="PASS" starttime="20190417 16:07:23.574" endtime="20190417 16:07:23.831"></status>
</kw>
<kw name="Sleep" library="BuiltIn">
<doc>Pauses the test executed for the given time.</doc>
<arguments>
<arg>5s</arg>
</arguments>
<msg timestamp="20190417 16:07:28.833" level="INFO">Slept 5 seconds</msg>
<status status="PASS" starttime="20190417 16:07:23.832" endtime="20190417 16:07:28.833"></status>
</kw>
<kw name="Input Text" library="Selenium2Library">
<doc>Types the given ``text`` into text field identified by ``locator``.</doc>
<arguments>
<arg>xpath=//*[@id="app"]/div/div/div/div/div[3]/div[1]/input</arg>
<arg>${planname}</arg>
</arguments>
<msg timestamp="20190417 16:07:28.834" level="INFO">Typing text '1199 3年8850' into text field 'xpath=//*[@id="app"]/div/div/div/div/div[3]/div[1]/input'.</msg>
<status status="PASS" starttime="20190417 16:07:28.833" endtime="20190417 16:07:29.224"></status>
</kw>
<kw name="Sleep" library="BuiltIn">
<doc>Pauses the test executed for the given time.</doc>
<arguments>
<arg>2s</arg>
</arguments>
<msg timestamp="20190417 16:07:31.224" level="INFO">Slept 2 seconds</msg>
<status status="PASS" starttime="20190417 16:07:29.224" endtime="20190417 16:07:31.224"></status>
</kw>
<kw name="Click Element" library="Selenium2Library">
<doc>Click element identified by ``locator``.</doc>
<arguments>
<arg>xpath=//*[@id="app"]/div/div/div/div/div[3]/div[2]/button</arg>
</arguments>
<msg timestamp="20190417 16:07:31.225" level="INFO">Clicking element 'xpath=//*[@id="app"]/div/div/div/div/div[3]/div[2]/button'.</msg>
<status status="PASS" starttime="20190417 16:07:31.224" endtime="20190417 16:07:31.450"></status>
</kw>
<kw name="Sleep" library="BuiltIn">
<doc>Pauses the test executed for the given time.</doc>
<arguments>
<arg>2s</arg>
</arguments>
<msg timestamp="20190417 16:07:33.452" level="INFO">Slept 2 seconds</msg>
<status status="PASS" starttime="20190417 16:07:31.450" endtime="20190417 16:07:33.452"></status>
</kw>
<kw name="Wait Until Element Is Visible" library="Selenium2Library">
<doc>Waits until element ``locator`` is visible.</doc>
<arguments>
<arg>//*[@id="app"]/div/div/div/div/div[4]</arg>
<arg>timeout=150</arg>
</arguments>
<status status="PASS" starttime="20190417 16:07:33.452" endtime="20190417 16:07:33.554"></status>
</kw>
<kw name="Get Text" library="Selenium2Library">
<doc>Returns the text value of element identified by ``locator``.</doc>
<arguments>
<arg>xpath=//*[@id="app"]/div/div/div/div/div[4]/div/div/div/table/tbody/tr/td[2]</arg>
</arguments>
<assign>
<var>${current planname1}</var>
</assign>
<msg timestamp="20190417 16:07:33.654" level="INFO">${current planname1} = 1199 3年8850</msg>
<status status="PASS" starttime="20190417 16:07:33.554" endtime="20190417 16:07:33.654"></status>
</kw>
<kw name="Convert To String" library="BuiltIn">
<doc>Converts the given item to a Unicode string.</doc>
<arguments>
<arg>${current planname1}</arg>
</arguments>
<assign>
<var>${current planname1}</var>
</assign>
<msg timestamp="20190417 16:07:33.654" level="INFO">${current planname1} = 1199 3年8850</msg>
<status status="PASS" starttime="20190417 16:07:33.654" endtime="20190417 16:07:33.654"></status>
</kw>
<kw name="Convert To String" library="BuiltIn">
<doc>Converts the given item to a Unicode string.</doc>
<arguments>
<arg>${planname}</arg>
</arguments>
<assign>
<var>${planname}</var>
</assign>
<msg timestamp="20190417 16:07:33.655" level="INFO">${planname} = 1199 3年8850</msg>
<status status="PASS" starttime="20190417 16:07:33.654" endtime="20190417 16:07:33.655"></status>
</kw>
<kw name="Should Be Equal As Strings" library="BuiltIn">
<doc>Fails if objects are unequal after converting them to strings.</doc>
<arguments>
<arg>${planname}</arg>
<arg>${current planname1}</arg>
</arguments>
<status status="PASS" starttime="20190417 16:07:33.655" endtime="20190417 16:07:33.655"></status>
</kw>
<kw name="Capture Page Screenshot" library="Selenium2Library">
<doc>Takes screenshot of the current page and embeds it into log file.</doc>
<msg timestamp="20190417 16:07:34.063" level="INFO" html="yes">&lt;/td&gt;&lt;/tr&gt;&lt;tr&gt;&lt;td colspan="3"&gt;&lt;a href="selenium-screenshot-4.png"&gt;&lt;img src="selenium-screenshot-4.png" width="800px"&gt;&lt;/a&gt;</msg>
<status status="PASS" starttime="20190417 16:07:33.655" endtime="20190417 16:07:34.063"></status>
</kw>
<status status="PASS" starttime="20190417 16:07:23.478" endtime="20190417 16:07:34.063"></status>
</kw>
<status status="PASS" starttime="20190417 16:06:49.939" endtime="20190417 16:07:34.063"></status>
</kw>
<kw name="Sleep" library="BuiltIn">
<doc>Pauses the test executed for the given time.</doc>
<arguments>
<arg>2s</arg>
</arguments>
<msg timestamp="20190417 16:07:36.064" level="INFO">Slept 2 seconds</msg>
<status status="PASS" starttime="20190417 16:07:34.063" endtime="20190417 16:07:36.064"></status>
</kw>
<tags>
<tag>create 1199 3Y 資費</tag>
</tags>
<status status="PASS" starttime="20190417 16:06:49.939" endtime="20190417 16:07:36.064" critical="yes"></status>
</test>
<status status="PASS" starttime="20190417 16:06:35.080" endtime="20190417 16:07:36.065"></status>
</suite>
<statistics>
<total>
<stat pass="2" fail="0">Critical Tests</stat>
<stat pass="2" fail="0">All Tests</stat>
</total>
<tag>
<stat pass="1" fail="0">create 1199 3Y 資費</stat>
<stat pass="1" fail="0">Login function test</stat>
</tag>
<suite>
<stat pass="2" fail="0" id="s1" name="RT fulltest">RT fulltest</stat>
</suite>
</statistics>
<errors>
</errors>
</robot>
